<?xml version="1.0" encoding="UTF-8"?>
<testsuite xmlns:xsi="http://www.w3.org/2001/XMLSchema-instance" xsi:noNamespaceSchemaLocation="https://maven.apache.org/surefire/maven-surefire-plugin/xsd/surefire-test-report.xsd" version="3.0.1" name="TestSuite" time="53.296" tests="3" errors="0" skipped="0" failures="1">
  <properties>
[...]
</properties>
  <testcase name="runScenario[&quot;Search hotels with valid destination and dates&quot;, &quot;Optional[Hotel Search Functionality]&quot;](1)" classname="TestRunner.TestRunner" time="24.938">
    <system-out><![CDATA[
@smoke @positive
Scenario: Search hotels with valid destination and dates                               &amp#27;[90m# src/test/resources/Features/SearchFilter.feature:11&amp#27;[0m
Browser launched before scenario
  &amp#27;[32mGiven &amp#27;[0m&amp#27;[32mI am on the booking website homepage&amp#27;[0m                                           &amp#27;[90m# StepDefinitions.StepDefinitionForSearchFilter.i_am_on_the_booking_website_homepage()&amp#27;[0m
  &amp#27;[32mAnd &amp#27;[0m&amp#27;[32mthe search bar is displayed&amp#27;[0m                                                      &amp#27;[90m# StepDefinitions.StepDefinitionForSearchFilter.the_search_bar_is_displayed()&amp#27;[0m
  &amp#27;[32mGiven &amp#27;[0m&amp#27;[32mI want to search for hotels&amp#27;[0m                                                    &amp#27;[90m# StepDefinitions.StepDefinitionForSearchFilter.i_want_to_search_for_hotels()&amp#27;[0m
  &amp#27;[32mWhen &amp#27;[0m&amp#27;[32mI enter &amp#27;[0m&amp#27;[32m&amp#27;[1m"Paris"&amp#27;[0m&amp#27;[32m in the destination field&amp#27;[0m                                        &amp#27;[90m# StepDefinitions.StepDefinitionForSearchFilter.i_enter_in_the_destination_field(java.lang.String)&amp#27;[0m
  &amp#27;[32mAnd &amp#27;[0m&amp#27;[32mI select check-in date as &amp#27;[0m&amp#27;[32m&amp#27;[1m"2025-10-01"&amp#27;[0m&amp#27;[32m and select check-out date as &amp#27;[0m&amp#27;[32m&amp#27;[1m"2025-10-05"&amp#27;[0m &amp#27;[90m# StepDefinitions.StepDefinitionForSearchFilter.i_select_check_in_date_as_and_select_check_out_date_as(java.lang.String,java.lang.String)&amp#27;[0m
  &amp#27;[32mAnd &amp#27;[0m&amp#27;[32mI click the search button&amp#27;[0m                                                        &amp#27;[90m# StepDefinitions.StepDefinitionForSearchFilter.i_click_the_search_button()&amp#27;[0m
Search results for 'Paris' validated successfully.
  &amp#27;[32mThen &amp#27;[0m&amp#27;[32mI should see search results for &amp#27;[0m&amp#27;[32m&amp#27;[1m"Paris"&amp#27;[0m                                         &amp#27;[90m# StepDefinitions.StepDefinitionForSearchFilter.i_should_see_search_results_for(java.lang.String)&amp#27;[0m
Hotel results are displayed: 25
  &amp#27;[32mAnd &amp#27;[0m&amp#27;[32mthe results should display available hotels&amp#27;[0m                                      &amp#27;[90m# StepDefinitions.StepDefinitionForSearchFilter.the_results_should_display_available_hotels()&amp#27;[0m
  &amp#27;[32mWhen &amp#27;[0m&amp#27;[32mI sort the results by &amp#27;[0m&amp#27;[32m&amp#27;[1m"Price (lowest first)"&amp#27;[0m                                    &amp#27;[90m# StepDefinitions.StepDefinitionForSearchFilter.i_sort_the_results_by(java.lang.String)&amp#27;[0m
Sorting is Done
  &amp#27;[32mThen &amp#27;[0m&amp#27;[32mthe results should be sorted accordingly&amp#27;[0m                                        &amp#27;[90m# StepDefinitions.StepDefinitionForSearchFilter.the_results_should_be_sorted_accordingly()&amp#27;[0m
Browser closed after the scenario
]]></system-out>
    <system-err><![CDATA[SLF4J: Failed to load class "org.slf4j.impl.StaticLoggerBinder".
SLF4J: Defaulting to no-operation (NOP) logger implementation
SLF4J: See http://www.slf4j.org/codes.html#StaticLoggerBinder for further details.
Sep 07, 2025 5:40:41 PM org.openqa.selenium.devtools.CdpVersionFinder findNearestMatch
WARNING: Unable to find an exact match for CDP version 139, returning the closest version; found: 135; Please update to a Selenium version that supports CDP version 139
]]></system-err>
  </testcase>
  <testcase name="runScenario[&quot;Search hotels with empty destination&quot;, &quot;Optional[Hotel Search Functionality]&quot;](2)" classname="TestRunner.TestRunner" time="10.926">
    <system-out><![CDATA[
@negative @validation
Scenario: Search hotels with empty destination                                         &amp#27;[90m# src/test/resources/Features/SearchFilter.feature:23&amp#27;[0m
Browser launched before scenario
  &amp#27;[32mGiven &amp#27;[0m&amp#27;[32mI am on the booking website homepage&amp#27;[0m                                           &amp#27;[90m# StepDefinitions.StepDefinitionForSearchFilter.i_am_on_the_booking_website_homepage()&amp#27;[0m
  &amp#27;[32mAnd &amp#27;[0m&amp#27;[32mthe search bar is displayed&amp#27;[0m                                                      &amp#27;[90m# StepDefinitions.StepDefinitionForSearchFilter.the_search_bar_is_displayed()&amp#27;[0m
  &amp#27;[32mGiven &amp#27;[0m&amp#27;[32mI want to search for hotels&amp#27;[0m                                                    &amp#27;[90m# StepDefinitions.StepDefinitionForSearchFilter.i_want_to_search_for_hotels()&amp#27;[0m
  &amp#27;[32mWhen &amp#27;[0m&amp#27;[32mI leave the destination field empty&amp#27;[0m                                             &amp#27;[90m# StepDefinitions.StepDefinitionForSearchFilter.i_leave_the_destination_field_empty()&amp#27;[0m
  &amp#27;[32mAnd &amp#27;[0m&amp#27;[32mI select check-in date as &amp#27;[0m&amp#27;[32m&amp#27;[1m"2025-10-01"&amp#27;[0m&amp#27;[32m and select check-out date as &amp#27;[0m&amp#27;[32m&amp#27;[1m"2025-10-05"&amp#27;[0m &amp#27;[90m# StepDefinitions.StepDefinitionForSearchFilter.i_select_check_in_date_as_and_select_check_out_date_as(java.lang.String,java.lang.String)&amp#27;[0m
  &amp#27;[32mAnd &amp#27;[0m&amp#27;[32mI click the search button&amp#27;[0m                                                        &amp#27;[90m# StepDefinitions.StepDefinitionForSearchFilter.i_click_the_search_button()&amp#27;[0m
  &amp#27;[32mThen &amp#27;[0m&amp#27;[32mI should see an error message &amp#27;[0m&amp#27;[32m&amp#27;[1m"Enter a destination to start searching."&amp#27;[0m         &amp#27;[90m# StepDefinitions.StepDefinitionForSearchFilter.i_should_see_an_error_message(java.lang.String)&amp#27;[0m
Browser closed after the scenario
]]></system-out>
  </testcase>
  <testcase name="runScenario[&quot;Search hotels with empty dates&quot;, &quot;Optional[Hotel Search Functionality]&quot;](3)" classname="TestRunner.TestRunner" time="15.825">
    <failure message="Search result heading does not contain expected destination. Expected: Paris, but found: new delhi: 2,384 properties found" type="java.lang.AssertionError"><![CDATA[java.lang.AssertionError: Search result heading does not contain expected destination. Expected: Paris, but found: new delhi: 2,384 properties found
	at pages.SearchFilterPage.validationOfSearchResultsDisplayed(SearchFilterPage.java:121)
	at StepDefinitions.StepDefinitionForSearchFilter.i_should_see_search_results_for(StepDefinitionForSearchFilter.java:61)
	at ✽.I should see search results for "Paris"(file:///C:/Users/my%20pc/Capstone_Booking/BDD_Booking/src/test/resources/Features/SearchFilter.feature:38)
]]></failure>
    <system-out><![CDATA[
@negative @validation
Scenario: Search hotels with empty dates                       &amp#27;[90m# src/test/resources/Features/SearchFilter.feature:32&amp#27;[0m
Browser launched before scenario
  &amp#27;[32mGiven &amp#27;[0m&amp#27;[32mI am on the booking website homepage&amp#27;[0m                   &amp#27;[90m# StepDefinitions.StepDefinitionForSearchFilter.i_am_on_the_booking_website_homepage()&amp#27;[0m
  &amp#27;[32mAnd &amp#27;[0m&amp#27;[32mthe search bar is displayed&amp#27;[0m                              &amp#27;[90m# StepDefinitions.StepDefinitionForSearchFilter.the_search_bar_is_displayed()&amp#27;[0m
  &amp#27;[32mGiven &amp#27;[0m&amp#27;[32mI want to search for hotels&amp#27;[0m                            &amp#27;[90m# StepDefinitions.StepDefinitionForSearchFilter.i_want_to_search_for_hotels()&amp#27;[0m
Clear button clicked to reset destination field.
  &amp#27;[32mWhen &amp#27;[0m&amp#27;[32mI enter &amp#27;[0m&amp#27;[32m&amp#27;[1m"Paris"&amp#27;[0m&amp#27;[32m in the destination field&amp#27;[0m                &amp#27;[90m# StepDefinitions.StepDefinitionForSearchFilter.i_enter_in_the_destination_field(java.lang.String)&amp#27;[0m
check-in and check-out date as default.
  &amp#27;[32mAnd &amp#27;[0m&amp#27;[32mI leave the check-in date and leave check-out date empty&amp#27;[0m &amp#27;[90m# StepDefinitions.StepDefinitionForSearchFilter.i_leave_the_check_in_date_and_leave_check_out_date_empty()&amp#27;[0m
  &amp#27;[32mAnd &amp#27;[0m&amp#27;[32mI click the search button&amp#27;[0m                                &amp#27;[90m# StepDefinitions.StepDefinitionForSearchFilter.i_click_the_search_button()&amp#27;[0m
Search with check-in and check-out date as default.
  &amp#27;[32mThen &amp#27;[0m&amp#27;[32mthe search should be performed using default dates&amp#27;[0m      &amp#27;[90m# StepDefinitions.StepDefinitionForSearchFilter.the_search_should_be_performed_using_default_dates()&amp#27;[0m
  &amp#27;[31mAnd &amp#27;[0m&amp#27;[31mI should see search results for &amp#27;[0m&amp#27;[31m&amp#27;[1m"Paris"&amp#27;[0m                  &amp#27;[90m# StepDefinitions.StepDefinitionForSearchFilter.i_should_see_search_results_for(java.lang.String)&amp#27;[0m
      &amp#27;[31mjava.lang.AssertionError: Search result heading does not contain expected destination. Expected: Paris, but found: new delhi: 2,384 properties found
	at pages.SearchFilterPage.validationOfSearchResultsDisplayed(SearchFilterPage.java:121)
	at StepDefinitions.StepDefinitionForSearchFilter.i_should_see_search_results_for(StepDefinitionForSearchFilter.java:61)
	at âœ½.I should see search results for "Paris"(file:///C:/Users/my%20pc/Capstone_Booking/BDD_Booking/src/test/resources/Features/SearchFilter.feature:38)
&amp#27;[0m
  &amp#27;[36mAnd &amp#27;[0m&amp#27;[36mthe results should display available hotels&amp#27;[0m              &amp#27;[90m# StepDefinitions.StepDefinitionForSearchFilter.the_results_should_display_available_hotels()&amp#27;[0m

    Embedding Failed Screenshot [image/png 166576 bytes]

Browser closed after the scenario
]]></system-out>
  </testcase>
</testsuite>